The system is: Windows - 10.0.18362 - AMD64
Compiling the C compiler identification source file "CMakeCCompilerId.c" succeeded.
Compiler: C:/Program Files (x86)/Microsoft Visual Studio/2019/BuildTools/VC/Tools/MSVC/14.25.28610/bin/Hostx86/x86/cl.exe 
Build flags: 
Id flags:  

The output was:
0
Microsoft (R) C/C++ Optimizing Compiler Version 19.25.28614 for x86
Copyright (C) Microsoft Corporation.  All rights reserved.

CMakeCCompilerId.c
Microsoft (R) Incremental Linker Version 14.25.28614.0
Copyright (C) Microsoft Corporation.  All rights reserved.

/out:CMakeCCompilerId.exe 
CMakeCCompilerId.obj 


Compilation of the C compiler identification source "CMakeCCompilerId.c" produced "CMakeCCompilerId.exe"

Compilation of the C compiler identification source "CMakeCCompilerId.c" produced "CMakeCCompilerId.obj"

The C compiler identification is MSVC, found in "C:/Users/Vladimir/CLionProjects/untitled/cmake-build-debug/CMakeFiles/3.16.5/CompilerIdC/CMakeCCompilerId.exe"

Determining if the C compiler works passed with the following output:
Change Dir: C:/Users/Vladimir/CLionProjects/untitled/cmake-build-debug/CMakeFiles/CMakeTmp

Run Build Command(s):nmake /nologo cmTC_02c52\fast && 	"C:\Program Files (x86)\Microsoft Visual Studio\2019\BuildTools\VC\Tools\MSVC\14.25.28610\bin\HostX86\x86\nmake.exe" -f CMakeFiles\cmTC_02c52.dir\build.make /nologo -L                  CMakeFiles\cmTC_02c52.dir\build
Building C object CMakeFiles/cmTC_02c52.dir/testCCompiler.c.obj
	C:\PROGRA~2\MICROS~2\2019\BUILDT~1\VC\Tools\MSVC\1425~1.286\bin\Hostx86\x86\cl.exe @C:\Users\Vladimir\AppData\Local\Temp\nm5654.tmp
testCCompiler.c
Linking C executable cmTC_02c52.exe
	"C:\Program Files\JetBrains\CLion 2019.3\bin\cmake\win\bin\cmake.exe" -E vs_link_exe --intdir=CMakeFiles\cmTC_02c52.dir --rc=C:\PROGRA~2\WI3CF2~1\10\bin\100183~1.0\x86\rc.exe --mt=C:\PROGRA~2\WI3CF2~1\10\bin\100183~1.0\x86\mt.exe --manifests  -- C:\PROGRA~2\MICROS~2\2019\BUILDT~1\VC\Tools\MSVC\1425~1.286\bin\Hostx86\x86\link.exe /nologo @CMakeFiles\cmTC_02c52.dir\objects1.rsp @C:\Users\Vladimir\AppData\Local\Temp\nm5684.tmp



Detecting C compiler ABI info compiled with the following output:
Change Dir: C:/Users/Vladimir/CLionProjects/untitled/cmake-build-debug/CMakeFiles/CMakeTmp

Run Build Command(s):nmake /nologo cmTC_b23be\fast && 	"C:\Program Files (x86)\Microsoft Visual Studio\2019\BuildTools\VC\Tools\MSVC\14.25.28610\bin\HostX86\x86\nmake.exe" -f CMakeFiles\cmTC_b23be.dir\build.make /nologo -L                  CMakeFiles\cmTC_b23be.dir\build
Building C object CMakeFiles/cmTC_b23be.dir/CMakeCCompilerABI.c.obj
	C:\PROGRA~2\MICROS~2\2019\BUILDT~1\VC\Tools\MSVC\1425~1.286\bin\Hostx86\x86\cl.exe @C:\Users\Vladimir\AppData\Local\Temp\nm57AC.tmp
CMakeCCompilerABI.c
Linking C executable cmTC_b23be.exe
	"C:\Program Files\JetBrains\CLion 2019.3\bin\cmake\win\bin\cmake.exe" -E vs_link_exe --intdir=CMakeFiles\cmTC_b23be.dir --rc=C:\PROGRA~2\WI3CF2~1\10\bin\100183~1.0\x86\rc.exe --mt=C:\PROGRA~2\WI3CF2~1\10\bin\100183~1.0\x86\mt.exe --manifests  -- C:\PROGRA~2\MICROS~2\2019\BUILDT~1\VC\Tools\MSVC\1425~1.286\bin\Hostx86\x86\link.exe /nologo @CMakeFiles\cmTC_b23be.dir\objects1.rsp @C:\Users\Vladimir\AppData\Local\Temp\nm57DB.tmp



